0 info it worked if it ends with ok
1 verbose cli [ '/usr/local/bin/node', '/usr/local/bin/npm', 'run', 'start' ]
2 info using npm@3.8.6
3 info using node@v5.11.1
4 verbose run-script [ 'prestart', 'start', 'poststart' ]
5 info lifecycle interactive_resume@1.0.0~prestart: interactive_resume@1.0.0
6 silly lifecycle interactive_resume@1.0.0~prestart: no script for prestart, continuing
7 info lifecycle interactive_resume@1.0.0~start: interactive_resume@1.0.0
8 verbose lifecycle interactive_resume@1.0.0~start: unsafe-perm in lifecycle true
9 verbose lifecycle interactive_resume@1.0.0~start: PATH: /usr/local/lib/node_modules/npm/bin/node-gyp-bin:/Users/david/Projects/Udacity/InteractiveResume/node_modules/.bin:/usr/local/bin:/Users/david/Downloads/tar_zip/google-cloud-sdk/bin:/Users/david/anaconda2/bin:/Users/david/.rvm/gems/ruby-2.2.3/bin:/Users/david/.rvm/gems/ruby-2.2.3@global/bin:/Users/david/.rvm/rubies/ruby-2.2.3/bin:/Users/david/bin:~/.composer/vendor/bin:/usr/local/sbin:/usr/local/bin:/usr/bin:/bin:/usr/sbin:/sbin:/Users/david/.rvm/bin:/Users/david/Library/Android/sdk/tools:/Users/david/Library/Android/sdk/platform-tools
10 verbose lifecycle interactive_resume@1.0.0~start: CWD: /Users/david/Projects/Udacity/InteractiveResume
11 silly lifecycle interactive_resume@1.0.0~start: Args: [ '-c', 'webpack-dev-server' ]
12 silly lifecycle interactive_resume@1.0.0~start: Returned: code: 1  signal: null
13 info lifecycle interactive_resume@1.0.0~start: Failed to exec start script
14 verbose stack Error: interactive_resume@1.0.0 start: `webpack-dev-server`
14 verbose stack Exit status 1
14 verbose stack     at EventEmitter.<anonymous> (/usr/local/lib/node_modules/npm/lib/utils/lifecycle.js:239:16)
14 verbose stack     at emitTwo (events.js:100:13)
14 verbose stack     at EventEmitter.emit (events.js:185:7)
14 verbose stack     at ChildProcess.<anonymous> (/usr/local/lib/node_modules/npm/lib/utils/spawn.js:24:14)
14 verbose stack     at emitTwo (events.js:100:13)
14 verbose stack     at ChildProcess.emit (events.js:185:7)
14 verbose stack     at maybeClose (internal/child_process.js:850:16)
14 verbose stack     at Process.ChildProcess._handle.onexit (internal/child_process.js:215:5)
15 verbose pkgid interactive_resume@1.0.0
16 verbose cwd /Users/david/Projects/Udacity/InteractiveResume
17 error Darwin 16.4.0
18 error argv "/usr/local/bin/node" "/usr/local/bin/npm" "run" "start"
19 error node v5.11.1
20 error npm  v3.8.6
21 error code ELIFECYCLE
22 error interactive_resume@1.0.0 start: `webpack-dev-server`
22 error Exit status 1
23 error Failed at the interactive_resume@1.0.0 start script 'webpack-dev-server'.
23 error Make sure you have the latest version of node.js and npm installed.
23 error If you do, this is most likely a problem with the interactive_resume package,
23 error not with npm itself.
23 error Tell the author that this fails on your system:
23 error     webpack-dev-server
23 error You can get information on how to open an issue for this project with:
23 error     npm bugs interactive_resume
23 error Or if that isn't available, you can get their info via:
23 error     npm owner ls interactive_resume
23 error There is likely additional logging output above.
24 verbose exit [ 1, true ]
